GroupA/11-2-ThreadsMessages1/app/build/intermediates/manifest_merge_blame_file/debug/manifest-merger-blame-debug-report.txt
1<?xml version="1.0" encoding="utf-8"?>
2<manifest xmlns:android="http://schemas.android.com/apk/res/android"
3    package="csu.matos.threadsmessages"
4    android:versionCode="1"
5    android:versionName="1.0" >
6
7    <uses-sdk
8        android:minSdkVersion="28"
8-->src\main\AndroidManifest.xml
9        android:targetSdkVersion="28" />
9-->src\main\AndroidManifest.xml
10
11    <application
11-->src\main\AndroidManifest.xml:8:5-22:19
12        android:allowBackup="true"
12-->src\main\AndroidManifest.xml:9:9-35
13        android:appComponentFactory="android.support.v4.app.CoreComponentFactory"
13-->[com.android.support:support-compat:28.0.0] AndroidManifest.xml:22:18-91
14        android:debuggable="true"
15        android:icon="@drawable/ic_launcher"
15-->src\main\AndroidManifest.xml:10:9-45
16        android:label="@string/app_name"
16-->src\main\AndroidManifest.xml:11:9-41
17        android:testOnly="true"
18        android:theme="@style/AppTheme" >
18-->src\main\AndroidManifest.xml:12:9-40
19        <activity
19-->src\main\AndroidManifest.xml:13:9-21:20
20            android:name="csu.matos.threadsmessages.MainActivity"
20-->src\main\AndroidManifest.xml:14:13-66
21            android:label="@string/app_name" >
21-->src\main\AndroidManifest.xml:15:13-45
22            <intent-filter>
22-->src\main\AndroidManifest.xml:16:13-20:29
23                <action android:name="android.intent.action.MAIN" />
23-->src\main\AndroidManifest.xml:17:17-69
23-->src\main\AndroidManifest.xml:17:25-66
24
25                <category android:name="android.intent.category.LAUNCHER" />
25-->src\main\AndroidManifest.xml:19:17-77
25-->src\main\AndroidManifest.xml:19:27-74
26            </intent-filter>
27        </activity>
28    </application>
29
30</manifest>